CleaningHouse-master/CleaningHouse/CleaningHouse-master/app/build/intermediates/manifest_merge_blame_file/debug/manifest-merger-blame-debug-report.txt
1<?xml version="1.0" encoding="utf-8"?>
2<manifest xmlns:android="http://schemas.android.com/apk/res/android"
3    package="com.example.researchapp"
4    android:versionCode="1"
5    android:versionName="1.0" >
6
7    <uses-sdk
8        android:minSdkVersion="15"
8-->src/main/AndroidManifest.xml
9        android:targetSdkVersion="29" />
9-->src/main/AndroidManifest.xml
10
11    <supports-screens
11-->src/main/AndroidManifest.xml:5:5-9:40
12        android:largeScreens="true"
12-->src/main/AndroidManifest.xml:6:9-36
13        android:normalScreens="true"
13-->src/main/AndroidManifest.xml:7:9-37
14        android:smallScreens="true"
14-->src/main/AndroidManifest.xml:8:9-36
15        android:xlargeScreens="true" />
15-->src/main/AndroidManifest.xml:9:9-37
16
17    <application
17-->src/main/AndroidManifest.xml:11:5-45:19
18        android:allowBackup="true"
18-->src/main/AndroidManifest.xml:12:9-35
19        android:appComponentFactory="androidx.core.app.CoreComponentFactory"
19-->[androidx.core:core:1.0.1] AndroidManifest.xml:22:18-86
20        android:debuggable="true"
21        android:icon="@mipmap/ic_launcher"
21-->src/main/AndroidManifest.xml:13:9-43
22        android:label="@string/app_name"
22-->src/main/AndroidManifest.xml:14:9-41
23        android:roundIcon="@mipmap/ic_launcher_round"
23-->src/main/AndroidManifest.xml:15:9-54
24        android:supportsRtl="true"
24-->src/main/AndroidManifest.xml:16:9-35
25        android:testOnly="true"
26        android:theme="@style/AppTheme" >
26-->src/main/AndroidManifest.xml:17:9-40
27        <activity
27-->src/main/AndroidManifest.xml:18:9-21:68
28            android:name="com.example.researchapp.MessageScreen"
28-->src/main/AndroidManifest.xml:19:13-42
29            android:label="@string/title_activity_message_screen"
29-->src/main/AndroidManifest.xml:20:13-66
30            android:theme="@style/AppTheme.NoActionBar" />
30-->src/main/AndroidManifest.xml:21:13-56
31        <activity
31-->src/main/AndroidManifest.xml:22:9-25:59
32            android:name="com.example.researchapp.BillingScreen"
32-->src/main/AndroidManifest.xml:23:13-42
33            android:label="@string/title_activity_billing_screen"
33-->src/main/AndroidManifest.xml:24:13-66
34            android:theme="@style/AppTheme.NoActionBar" />
34-->src/main/AndroidManifest.xml:25:13-56
35        <activity
35-->src/main/AndroidManifest.xml:26:9-29:59
36            android:name="com.example.researchapp.ScheduleScreen"
36-->src/main/AndroidManifest.xml:27:13-43
37            android:label="@string/title_activity_schedule_screen"
37-->src/main/AndroidManifest.xml:28:13-67
38            android:theme="@style/AppTheme.NoActionBar" />
38-->src/main/AndroidManifest.xml:29:13-56
39        <activity
39-->src/main/AndroidManifest.xml:30:9-33:59
40            android:name="com.example.researchapp.PropertiesScreen"
40-->src/main/AndroidManifest.xml:31:13-45
41            android:label="@string/title_activity_properties_screen"
41-->src/main/AndroidManifest.xml:32:13-69
42            android:theme="@style/AppTheme.NoActionBar" />
42-->src/main/AndroidManifest.xml:33:13-56
43        <activity android:name="com.example.researchapp.HomeScreenHost" />
43-->src/main/AndroidManifest.xml:34:9-52
43-->src/main/AndroidManifest.xml:34:19-49
44        <activity android:name="com.example.researchapp.ChooseRole" />
44-->src/main/AndroidManifest.xml:35:9-48
44-->src/main/AndroidManifest.xml:35:19-45
45        <activity android:name="com.example.researchapp.LoginScreen" />
45-->src/main/AndroidManifest.xml:36:9-49
45-->src/main/AndroidManifest.xml:36:19-46
46        <activity android:name="com.example.researchapp.Main2Activity" />
46-->src/main/AndroidManifest.xml:37:9-51
46-->src/main/AndroidManifest.xml:37:19-48
47        <activity android:name="com.example.researchapp.OpeningScreen" >
47-->src/main/AndroidManifest.xml:38:9-44:20
47-->src/main/AndroidManifest.xml:38:19-48
48            <intent-filter>
48-->src/main/AndroidManifest.xml:39:13-43:29
49                <action android:name="android.intent.action.MAIN" />
49-->src/main/AndroidManifest.xml:40:17-69
49-->src/main/AndroidManifest.xml:40:25-66
50
51                <category android:name="android.intent.category.LAUNCHER" />
51-->src/main/AndroidManifest.xml:42:17-77
51-->src/main/AndroidManifest.xml:42:27-74
52            </intent-filter>
53        </activity>
54    </application>
55
56</manifest>